22-Aug-2023 15:03:13.116 INFO [main] org.apache.catalina.startup.VersionLoggerListener.log 서버 버전 이름:    Apache Tomcat/9.0.71
22-Aug-2023 15:03:13.120 INFO [main] org.apache.catalina.startup.VersionLoggerListener.log Server 빌드 시각:  Jan 9 2023 22:33:01 UTC
22-Aug-2023 15:03:13.121 INFO [main] org.apache.catalina.startup.VersionLoggerListener.log Server 버전 번호:  9.0.71.0
22-Aug-2023 15:03:13.121 INFO [main] org.apache.catalina.startup.VersionLoggerListener.log 운영체제 이름:     Windows 10
22-Aug-2023 15:03:13.121 INFO [main] org.apache.catalina.startup.VersionLoggerListener.log 운영체제 버전:     10.0
22-Aug-2023 15:03:13.121 INFO [main] org.apache.catalina.startup.VersionLoggerListener.log 아키텍처:          amd64
22-Aug-2023 15:03:13.121 INFO [main] org.apache.catalina.startup.VersionLoggerListener.log 자바 홈:           C:\Program Files\Java\jdk-11
22-Aug-2023 15:03:13.122 INFO [main] org.apache.catalina.startup.VersionLoggerListener.log JVM 버전:          11.0.19+9-LTS-224
22-Aug-2023 15:03:13.122 INFO [main] org.apache.catalina.startup.VersionLoggerListener.log JVM 벤더:          Oracle Corporation
22-Aug-2023 15:03:13.122 INFO [main] org.apache.catalina.startup.VersionLoggerListener.log CATALINA_BASE:     C:\Users\it\Documents\JavaProgramming_git\jspworkspace\apache-tomcat-9.0.71
22-Aug-2023 15:03:13.122 INFO [main] org.apache.catalina.startup.VersionLoggerListener.log CATALINA_HOME:     C:\Users\it\Documents\JavaProgramming_git\jspworkspace\apache-tomcat-9.0.71
22-Aug-2023 15:03:13.128 INFO [main] org.apache.catalina.startup.VersionLoggerListener.log 명령 행 아규먼트:  --add-opens=java.base/java.lang=ALL-UNNAMED
22-Aug-2023 15:03:13.129 INFO [main] org.apache.catalina.startup.VersionLoggerListener.log 명령 행 아규먼트:  --add-opens=java.base/java.io=ALL-UNNAMED
22-Aug-2023 15:03:13.130 INFO [main] org.apache.catalina.startup.VersionLoggerListener.log 명령 행 아규먼트:  --add-opens=java.base/java.util=ALL-UNNAMED
22-Aug-2023 15:03:13.131 INFO [main] org.apache.catalina.startup.VersionLoggerListener.log 명령 행 아규먼트:  --add-opens=java.base/java.util.concurrent=ALL-UNNAMED
22-Aug-2023 15:03:13.132 INFO [main] org.apache.catalina.startup.VersionLoggerListener.log 명령 행 아규먼트:  --add-opens=java.rmi/sun.rmi.transport=ALL-UNNAMED
22-Aug-2023 15:03:13.132 INFO [main] org.apache.catalina.startup.VersionLoggerListener.log 명령 행 아규먼트:  -Djava.util.logging.config.file=C:\Users\it\Documents\JavaProgramming_git\jspworkspace\apache-tomcat-9.0.71\conf\logging.properties
22-Aug-2023 15:03:13.133 INFO [main] org.apache.catalina.startup.VersionLoggerListener.log 명령 행 아규먼트:  -Djava.util.logging.manager=org.apache.juli.ClassLoaderLogManager
22-Aug-2023 15:03:13.134 INFO [main] org.apache.catalina.startup.VersionLoggerListener.log 명령 행 아규먼트:  -Djdk.tls.ephemeralDHKeySize=2048
22-Aug-2023 15:03:13.135 INFO [main] org.apache.catalina.startup.VersionLoggerListener.log 명령 행 아규먼트:  -Djava.protocol.handler.pkgs=org.apache.catalina.webresources
22-Aug-2023 15:03:13.135 INFO [main] org.apache.catalina.startup.VersionLoggerListener.log 명령 행 아규먼트:  -Dignore.endorsed.dirs=
22-Aug-2023 15:03:13.136 INFO [main] org.apache.catalina.startup.VersionLoggerListener.log 명령 행 아규먼트:  -Dcatalina.base=C:\Users\it\Documents\JavaProgramming_git\jspworkspace\apache-tomcat-9.0.71
22-Aug-2023 15:03:13.137 INFO [main] org.apache.catalina.startup.VersionLoggerListener.log 명령 행 아규먼트:  -Dcatalina.home=C:\Users\it\Documents\JavaProgramming_git\jspworkspace\apache-tomcat-9.0.71
22-Aug-2023 15:03:13.137 INFO [main] org.apache.catalina.startup.VersionLoggerListener.log 명령 행 아규먼트:  -Djava.io.tmpdir=C:\Users\it\Documents\JavaProgramming_git\jspworkspace\apache-tomcat-9.0.71\temp
22-Aug-2023 15:03:13.145 INFO [main] org.apache.catalina.core.AprLifecycleListener.lifecycleEvent 프로덕션 환경들에서 최적의 성능을 제공하는, APR 기반 Apache Tomcat Native 라이브러리가, 다음 java.library.path에서 발견되지 않습니다: [C:\Program Files\Java\jdk-11\bin;C:\Windows\Sun\Java\bin;C:\Windows\system32;C:\Windows;C:\Program Files\Common Files\Oracle\Java\javapath;C:\oraclexe\app\oracle\product\11.2.0\server\bin;C:\Windows\system32;C:\Windows;C:\Windows\System32\Wbem;C:\Windows\System32\WindowsPowerShell\v1.0\;C:\Windows\System32\OpenSSH\;C:\Program Files\Git\cmd;C:\Program Files\Bandizip\;C:\Program Files\Java\jdk-11\bin;C:\Users\it\AppData\Local\Microsoft\WindowsApps;;C:\Users\it\AppData\Local\Programs\Microsoft VS Code\bin;.]
22-Aug-2023 15:03:13.352 INFO [main] org.apache.coyote.AbstractProtocol.init 프로토콜 핸들러 ["http-nio-8080"]을(를) 초기화합니다.
22-Aug-2023 15:03:13.372 INFO [main] org.apache.catalina.startup.Catalina.load [415] 밀리초 내에 서버가 초기화되었습니다.
22-Aug-2023 15:03:13.419 INFO [main] org.apache.catalina.core.StandardService.startInternal 서비스 [Catalina]을(를) 시작합니다.
22-Aug-2023 15:03:13.420 INFO [main] org.apache.catalina.core.StandardEngine.startInternal 서버 엔진을 시작합니다: [Apache Tomcat/9.0.71]
22-Aug-2023 15:03:13.431 INFO [main] org.apache.catalina.startup.HostConfig.deployDirectory 웹 애플리케이션 디렉토리 [C:\Users\it\Documents\JavaProgramming_git\jspworkspace\apache-tomcat-9.0.71\webapps\docs]을(를) 배치합니다.
22-Aug-2023 15:03:13.715 INFO [main] org.apache.catalina.startup.HostConfig.deployDirectory 웹 애플리케이션 디렉토리 [C:\Users\it\Documents\JavaProgramming_git\jspworkspace\apache-tomcat-9.0.71\webapps\docs]에 대한 배치가 [282] 밀리초에 완료되었습니다.
22-Aug-2023 15:03:13.718 INFO [main] org.apache.catalina.startup.HostConfig.deployDirectory 웹 애플리케이션 디렉토리 [C:\Users\it\Documents\JavaProgramming_git\jspworkspace\apache-tomcat-9.0.71\webapps\examples]을(를) 배치합니다.
22-Aug-2023 15:03:14.008 INFO [main] org.apache.catalina.startup.HostConfig.deployDirectory 웹 애플리케이션 디렉토리 [C:\Users\it\Documents\JavaProgramming_git\jspworkspace\apache-tomcat-9.0.71\webapps\examples]에 대한 배치가 [291] 밀리초에 완료되었습니다.
22-Aug-2023 15:03:14.010 INFO [main] org.apache.catalina.startup.HostConfig.deployDirectory 웹 애플리케이션 디렉토리 [C:\Users\it\Documents\JavaProgramming_git\jspworkspace\apache-tomcat-9.0.71\webapps\host-manager]을(를) 배치합니다.
22-Aug-2023 15:03:14.044 INFO [main] org.apache.catalina.startup.HostConfig.deployDirectory 웹 애플리케이션 디렉토리 [C:\Users\it\Documents\JavaProgramming_git\jspworkspace\apache-tomcat-9.0.71\webapps\host-manager]에 대한 배치가 [34] 밀리초에 완료되었습니다.
22-Aug-2023 15:03:14.046 INFO [main] org.apache.catalina.startup.HostConfig.deployDirectory 웹 애플리케이션 디렉토리 [C:\Users\it\Documents\JavaProgramming_git\jspworkspace\apache-tomcat-9.0.71\webapps\manager]을(를) 배치합니다.
22-Aug-2023 15:03:14.073 INFO [main] org.apache.catalina.startup.HostConfig.deployDirectory 웹 애플리케이션 디렉토리 [C:\Users\it\Documents\JavaProgramming_git\jspworkspace\apache-tomcat-9.0.71\webapps\manager]에 대한 배치가 [28] 밀리초에 완료되었습니다.
22-Aug-2023 15:03:14.074 INFO [main] org.apache.catalina.startup.HostConfig.deployDirectory 웹 애플리케이션 디렉토리 [C:\Users\it\Documents\JavaProgramming_git\jspworkspace\apache-tomcat-9.0.71\webapps\ROOT]을(를) 배치합니다.
22-Aug-2023 15:03:14.098 INFO [main] org.apache.catalina.startup.HostConfig.deployDirectory 웹 애플리케이션 디렉토리 [C:\Users\it\Documents\JavaProgramming_git\jspworkspace\apache-tomcat-9.0.71\webapps\ROOT]에 대한 배치가 [24] 밀리초에 완료되었습니다.
22-Aug-2023 15:03:14.102 INFO [main] org.apache.coyote.AbstractProtocol.start 프로토콜 핸들러 ["http-nio-8080"]을(를) 시작합니다.
22-Aug-2023 15:03:14.133 INFO [main] org.apache.catalina.startup.Catalina.start 서버가 [759] 밀리초 내에 시작되었습니다.
22-Aug-2023 15:05:21.863 INFO [main] org.apache.catalina.core.StandardServer.await 셧다운 포트를 통해 유효한 셧다운 명령을 받았습니다. 서버 인스턴스를 중지시킵니다.
22-Aug-2023 15:05:28.668 SEVERE [main] org.apache.catalina.startup.Catalina.stopServer [localhost:8005] (base 포트 [8005] 그리고 offset [0])와(과) 연결할 수 없었습니다. Tomcat이 실행 중이지 않을 수 있습니다.
22-Aug-2023 15:05:31.285 INFO [main] org.apache.catalina.startup.VersionLoggerListener.log 서버 버전 이름:    Apache Tomcat/9.0.71
22-Aug-2023 15:05:31.287 INFO [main] org.apache.catalina.startup.VersionLoggerListener.log Server 빌드 시각:  Jan 9 2023 22:33:01 UTC
22-Aug-2023 15:05:31.288 INFO [main] org.apache.catalina.startup.VersionLoggerListener.log Server 버전 번호:  9.0.71.0
22-Aug-2023 15:05:31.288 INFO [main] org.apache.catalina.startup.VersionLoggerListener.log 운영체제 이름:     Windows 10
22-Aug-2023 15:05:31.288 INFO [main] org.apache.catalina.startup.VersionLoggerListener.log 운영체제 버전:     10.0
22-Aug-2023 15:05:31.288 INFO [main] org.apache.catalina.startup.VersionLoggerListener.log 아키텍처:          amd64
22-Aug-2023 15:05:31.288 INFO [main] org.apache.catalina.startup.VersionLoggerListener.log 자바 홈:           C:\Program Files\Java\jdk-11
22-Aug-2023 15:05:31.289 INFO [main] org.apache.catalina.startup.VersionLoggerListener.log JVM 버전:          11.0.19+9-LTS-224
22-Aug-2023 15:05:31.289 INFO [main] org.apache.catalina.startup.VersionLoggerListener.log JVM 벤더:          Oracle Corporation
22-Aug-2023 15:05:31.289 INFO [main] org.apache.catalina.startup.VersionLoggerListener.log CATALINA_BASE:     C:\Users\it\Documents\JavaProgramming_git\jspworkspace\apache-tomcat-9.0.71
22-Aug-2023 15:05:31.289 INFO [main] org.apache.catalina.startup.VersionLoggerListener.log CATALINA_HOME:     C:\Users\it\Documents\JavaProgramming_git\jspworkspace\apache-tomcat-9.0.71
22-Aug-2023 15:05:31.295 INFO [main] org.apache.catalina.startup.VersionLoggerListener.log 명령 행 아규먼트:  --add-opens=java.base/java.lang=ALL-UNNAMED
22-Aug-2023 15:05:31.296 INFO [main] org.apache.catalina.startup.VersionLoggerListener.log 명령 행 아규먼트:  --add-opens=java.base/java.io=ALL-UNNAMED
22-Aug-2023 15:05:31.297 INFO [main] org.apache.catalina.startup.VersionLoggerListener.log 명령 행 아규먼트:  --add-opens=java.base/java.util=ALL-UNNAMED
22-Aug-2023 15:05:31.298 INFO [main] org.apache.catalina.startup.VersionLoggerListener.log 명령 행 아규먼트:  --add-opens=java.base/java.util.concurrent=ALL-UNNAMED
22-Aug-2023 15:05:31.298 INFO [main] org.apache.catalina.startup.VersionLoggerListener.log 명령 행 아규먼트:  --add-opens=java.rmi/sun.rmi.transport=ALL-UNNAMED
22-Aug-2023 15:05:31.299 INFO [main] org.apache.catalina.startup.VersionLoggerListener.log 명령 행 아규먼트:  -Djava.util.logging.config.file=C:\Users\it\Documents\JavaProgramming_git\jspworkspace\apache-tomcat-9.0.71\conf\logging.properties
22-Aug-2023 15:05:31.300 INFO [main] org.apache.catalina.startup.VersionLoggerListener.log 명령 행 아규먼트:  -Djava.util.logging.manager=org.apache.juli.ClassLoaderLogManager
22-Aug-2023 15:05:31.301 INFO [main] org.apache.catalina.startup.VersionLoggerListener.log 명령 행 아규먼트:  -Djdk.tls.ephemeralDHKeySize=2048
22-Aug-2023 15:05:31.301 INFO [main] org.apache.catalina.startup.VersionLoggerListener.log 명령 행 아규먼트:  -Djava.protocol.handler.pkgs=org.apache.catalina.webresources
22-Aug-2023 15:05:31.303 INFO [main] org.apache.catalina.startup.VersionLoggerListener.log 명령 행 아규먼트:  -Dignore.endorsed.dirs=
22-Aug-2023 15:05:31.304 INFO [main] org.apache.catalina.startup.VersionLoggerListener.log 명령 행 아규먼트:  -Dcatalina.base=C:\Users\it\Documents\JavaProgramming_git\jspworkspace\apache-tomcat-9.0.71
22-Aug-2023 15:05:31.305 INFO [main] org.apache.catalina.startup.VersionLoggerListener.log 명령 행 아규먼트:  -Dcatalina.home=C:\Users\it\Documents\JavaProgramming_git\jspworkspace\apache-tomcat-9.0.71
22-Aug-2023 15:05:31.305 INFO [main] org.apache.catalina.startup.VersionLoggerListener.log 명령 행 아규먼트:  -Djava.io.tmpdir=C:\Users\it\Documents\JavaProgramming_git\jspworkspace\apache-tomcat-9.0.71\temp
22-Aug-2023 15:05:31.313 INFO [main] org.apache.catalina.core.AprLifecycleListener.lifecycleEvent 프로덕션 환경들에서 최적의 성능을 제공하는, APR 기반 Apache Tomcat Native 라이브러리가, 다음 java.library.path에서 발견되지 않습니다: [C:\Program Files\Java\jdk-11\bin;C:\Windows\Sun\Java\bin;C:\Windows\system32;C:\Windows;C:\Program Files\Common Files\Oracle\Java\javapath;C:\oraclexe\app\oracle\product\11.2.0\server\bin;C:\Windows\system32;C:\Windows;C:\Windows\System32\Wbem;C:\Windows\System32\WindowsPowerShell\v1.0\;C:\Windows\System32\OpenSSH\;C:\Program Files\Git\cmd;C:\Program Files\Bandizip\;C:\Program Files\Java\jdk-11\bin;C:\Users\it\AppData\Local\Microsoft\WindowsApps;;C:\Users\it\AppData\Local\Programs\Microsoft VS Code\bin;.]
22-Aug-2023 15:05:31.514 INFO [main] org.apache.coyote.AbstractProtocol.init 프로토콜 핸들러 ["http-nio-8080"]을(를) 초기화합니다.
22-Aug-2023 15:05:31.532 INFO [main] org.apache.catalina.startup.Catalina.load [404] 밀리초 내에 서버가 초기화되었습니다.
22-Aug-2023 15:05:31.579 INFO [main] org.apache.catalina.core.StandardService.startInternal 서비스 [Catalina]을(를) 시작합니다.
22-Aug-2023 15:05:31.581 INFO [main] org.apache.catalina.core.StandardEngine.startInternal 서버 엔진을 시작합니다: [Apache Tomcat/9.0.71]
22-Aug-2023 15:05:31.589 INFO [main] org.apache.catalina.startup.HostConfig.deployDirectory 웹 애플리케이션 디렉토리 [C:\Users\it\Documents\JavaProgramming_git\jspworkspace\apache-tomcat-9.0.71\webapps\docs]을(를) 배치합니다.
22-Aug-2023 15:05:31.828 INFO [main] org.apache.catalina.startup.HostConfig.deployDirectory 웹 애플리케이션 디렉토리 [C:\Users\it\Documents\JavaProgramming_git\jspworkspace\apache-tomcat-9.0.71\webapps\docs]에 대한 배치가 [238] 밀리초에 완료되었습니다.
22-Aug-2023 15:05:31.832 INFO [main] org.apache.catalina.startup.HostConfig.deployDirectory 웹 애플리케이션 디렉토리 [C:\Users\it\Documents\JavaProgramming_git\jspworkspace\apache-tomcat-9.0.71\webapps\examples]을(를) 배치합니다.
22-Aug-2023 15:05:32.108 INFO [main] org.apache.catalina.startup.HostConfig.deployDirectory 웹 애플리케이션 디렉토리 [C:\Users\it\Documents\JavaProgramming_git\jspworkspace\apache-tomcat-9.0.71\webapps\examples]에 대한 배치가 [276] 밀리초에 완료되었습니다.
22-Aug-2023 15:05:32.110 INFO [main] org.apache.catalina.startup.HostConfig.deployDirectory 웹 애플리케이션 디렉토리 [C:\Users\it\Documents\JavaProgramming_git\jspworkspace\apache-tomcat-9.0.71\webapps\host-manager]을(를) 배치합니다.
22-Aug-2023 15:05:32.139 INFO [main] org.apache.catalina.startup.HostConfig.deployDirectory 웹 애플리케이션 디렉토리 [C:\Users\it\Documents\JavaProgramming_git\jspworkspace\apache-tomcat-9.0.71\webapps\host-manager]에 대한 배치가 [29] 밀리초에 완료되었습니다.
22-Aug-2023 15:05:32.141 INFO [main] org.apache.catalina.startup.HostConfig.deployDirectory 웹 애플리케이션 디렉토리 [C:\Users\it\Documents\JavaProgramming_git\jspworkspace\apache-tomcat-9.0.71\webapps\manager]을(를) 배치합니다.
22-Aug-2023 15:05:32.167 INFO [main] org.apache.catalina.startup.HostConfig.deployDirectory 웹 애플리케이션 디렉토리 [C:\Users\it\Documents\JavaProgramming_git\jspworkspace\apache-tomcat-9.0.71\webapps\manager]에 대한 배치가 [26] 밀리초에 완료되었습니다.
22-Aug-2023 15:05:32.169 INFO [main] org.apache.catalina.startup.HostConfig.deployDirectory 웹 애플리케이션 디렉토리 [C:\Users\it\Documents\JavaProgramming_git\jspworkspace\apache-tomcat-9.0.71\webapps\ROOT]을(를) 배치합니다.
22-Aug-2023 15:05:32.189 INFO [main] org.apache.catalina.startup.HostConfig.deployDirectory 웹 애플리케이션 디렉토리 [C:\Users\it\Documents\JavaProgramming_git\jspworkspace\apache-tomcat-9.0.71\webapps\ROOT]에 대한 배치가 [21] 밀리초에 완료되었습니다.
22-Aug-2023 15:05:32.194 INFO [main] org.apache.coyote.AbstractProtocol.start 프로토콜 핸들러 ["http-nio-8080"]을(를) 시작합니다.
22-Aug-2023 15:05:32.225 INFO [main] org.apache.catalina.startup.Catalina.start 서버가 [690] 밀리초 내에 시작되었습니다.
22-Aug-2023 15:10:37.471 INFO [main] org.apache.catalina.startup.VersionLoggerListener.log 서버 버전 이름:    Apache Tomcat/9.0.71
22-Aug-2023 15:10:37.474 INFO [main] org.apache.catalina.startup.VersionLoggerListener.log Server 빌드 시각:  Jan 9 2023 22:33:01 UTC
22-Aug-2023 15:10:37.474 INFO [main] org.apache.catalina.startup.VersionLoggerListener.log Server 버전 번호:  9.0.71.0
22-Aug-2023 15:10:37.474 INFO [main] org.apache.catalina.startup.VersionLoggerListener.log 운영체제 이름:     Windows 10
22-Aug-2023 15:10:37.474 INFO [main] org.apache.catalina.startup.VersionLoggerListener.log 운영체제 버전:     10.0
22-Aug-2023 15:10:37.474 INFO [main] org.apache.catalina.startup.VersionLoggerListener.log 아키텍처:          amd64
22-Aug-2023 15:10:37.475 INFO [main] org.apache.catalina.startup.VersionLoggerListener.log 자바 홈:           C:\Program Files\Java\jdk-11
22-Aug-2023 15:10:37.475 INFO [main] org.apache.catalina.startup.VersionLoggerListener.log JVM 버전:          11.0.19+9-LTS-224
22-Aug-2023 15:10:37.475 INFO [main] org.apache.catalina.startup.VersionLoggerListener.log JVM 벤더:          Oracle Corporation
22-Aug-2023 15:10:37.475 INFO [main] org.apache.catalina.startup.VersionLoggerListener.log CATALINA_BASE:     C:\Users\it\Documents\JavaProgramming_git\jspworkspace\apache-tomcat-9.0.71
22-Aug-2023 15:10:37.475 INFO [main] org.apache.catalina.startup.VersionLoggerListener.log CATALINA_HOME:     C:\Users\it\Documents\JavaProgramming_git\jspworkspace\apache-tomcat-9.0.71
22-Aug-2023 15:10:37.482 INFO [main] org.apache.catalina.startup.VersionLoggerListener.log 명령 행 아규먼트:  --add-opens=java.base/java.lang=ALL-UNNAMED
22-Aug-2023 15:10:37.483 INFO [main] org.apache.catalina.startup.VersionLoggerListener.log 명령 행 아규먼트:  --add-opens=java.base/java.io=ALL-UNNAMED
22-Aug-2023 15:10:37.484 INFO [main] org.apache.catalina.startup.VersionLoggerListener.log 명령 행 아규먼트:  --add-opens=java.base/java.util=ALL-UNNAMED
22-Aug-2023 15:10:37.485 INFO [main] org.apache.catalina.startup.VersionLoggerListener.log 명령 행 아규먼트:  --add-opens=java.base/java.util.concurrent=ALL-UNNAMED
22-Aug-2023 15:10:37.485 INFO [main] org.apache.catalina.startup.VersionLoggerListener.log 명령 행 아규먼트:  --add-opens=java.rmi/sun.rmi.transport=ALL-UNNAMED
22-Aug-2023 15:10:37.486 INFO [main] org.apache.catalina.startup.VersionLoggerListener.log 명령 행 아규먼트:  -Djava.util.logging.config.file=C:\Users\it\Documents\JavaProgramming_git\jspworkspace\apache-tomcat-9.0.71\conf\logging.properties
22-Aug-2023 15:10:37.487 INFO [main] org.apache.catalina.startup.VersionLoggerListener.log 명령 행 아규먼트:  -Djava.util.logging.manager=org.apache.juli.ClassLoaderLogManager
22-Aug-2023 15:10:37.488 INFO [main] org.apache.catalina.startup.VersionLoggerListener.log 명령 행 아규먼트:  -Djdk.tls.ephemeralDHKeySize=2048
22-Aug-2023 15:10:37.488 INFO [main] org.apache.catalina.startup.VersionLoggerListener.log 명령 행 아규먼트:  -Djava.protocol.handler.pkgs=org.apache.catalina.webresources
22-Aug-2023 15:10:37.489 INFO [main] org.apache.catalina.startup.VersionLoggerListener.log 명령 행 아규먼트:  -Dignore.endorsed.dirs=
22-Aug-2023 15:10:37.490 INFO [main] org.apache.catalina.startup.VersionLoggerListener.log 명령 행 아규먼트:  -Dcatalina.base=C:\Users\it\Documents\JavaProgramming_git\jspworkspace\apache-tomcat-9.0.71
22-Aug-2023 15:10:37.490 INFO [main] org.apache.catalina.startup.VersionLoggerListener.log 명령 행 아규먼트:  -Dcatalina.home=C:\Users\it\Documents\JavaProgramming_git\jspworkspace\apache-tomcat-9.0.71
22-Aug-2023 15:10:37.491 INFO [main] org.apache.catalina.startup.VersionLoggerListener.log 명령 행 아규먼트:  -Djava.io.tmpdir=C:\Users\it\Documents\JavaProgramming_git\jspworkspace\apache-tomcat-9.0.71\temp
22-Aug-2023 15:10:37.498 INFO [main] org.apache.catalina.core.AprLifecycleListener.lifecycleEvent 프로덕션 환경들에서 최적의 성능을 제공하는, APR 기반 Apache Tomcat Native 라이브러리가, 다음 java.library.path에서 발견되지 않습니다: [C:\Program Files\Java\jdk-11\bin;C:\Windows\Sun\Java\bin;C:\Windows\system32;C:\Windows;C:\Program Files\Common Files\Oracle\Java\javapath;C:\oraclexe\app\oracle\product\11.2.0\server\bin;C:\Windows\system32;C:\Windows;C:\Windows\System32\Wbem;C:\Windows\System32\WindowsPowerShell\v1.0\;C:\Windows\System32\OpenSSH\;C:\Program Files\Git\cmd;C:\Program Files\Bandizip\;C:\Program Files\Java\jdk-11\bin;C:\Users\it\AppData\Local\Microsoft\WindowsApps;;C:\Users\it\AppData\Local\Programs\Microsoft VS Code\bin;.]
22-Aug-2023 15:10:37.706 INFO [main] org.apache.coyote.AbstractProtocol.init 프로토콜 핸들러 ["http-nio-8080"]을(를) 초기화합니다.
22-Aug-2023 15:10:37.726 INFO [main] org.apache.catalina.startup.Catalina.load [416] 밀리초 내에 서버가 초기화되었습니다.
22-Aug-2023 15:10:37.771 INFO [main] org.apache.catalina.core.StandardService.startInternal 서비스 [Catalina]을(를) 시작합니다.
22-Aug-2023 15:10:37.773 INFO [main] org.apache.catalina.core.StandardEngine.startInternal 서버 엔진을 시작합니다: [Apache Tomcat/9.0.71]
22-Aug-2023 15:10:37.781 INFO [main] org.apache.catalina.startup.HostConfig.deployDirectory 웹 애플리케이션 디렉토리 [C:\Users\it\Documents\JavaProgramming_git\jspworkspace\apache-tomcat-9.0.71\webapps\docs]을(를) 배치합니다.
22-Aug-2023 15:10:38.012 INFO [main] org.apache.catalina.startup.HostConfig.deployDirectory 웹 애플리케이션 디렉토리 [C:\Users\it\Documents\JavaProgramming_git\jspworkspace\apache-tomcat-9.0.71\webapps\docs]에 대한 배치가 [229] 밀리초에 완료되었습니다.
22-Aug-2023 15:10:38.013 INFO [main] org.apache.catalina.startup.HostConfig.deployDirectory 웹 애플리케이션 디렉토리 [C:\Users\it\Documents\JavaProgramming_git\jspworkspace\apache-tomcat-9.0.71\webapps\examples]을(를) 배치합니다.
22-Aug-2023 15:10:38.289 INFO [main] org.apache.catalina.startup.HostConfig.deployDirectory 웹 애플리케이션 디렉토리 [C:\Users\it\Documents\JavaProgramming_git\jspworkspace\apache-tomcat-9.0.71\webapps\examples]에 대한 배치가 [276] 밀리초에 완료되었습니다.
22-Aug-2023 15:10:38.291 INFO [main] org.apache.catalina.startup.HostConfig.deployDirectory 웹 애플리케이션 디렉토리 [C:\Users\it\Documents\JavaProgramming_git\jspworkspace\apache-tomcat-9.0.71\webapps\host-manager]을(를) 배치합니다.
22-Aug-2023 15:10:38.322 INFO [main] org.apache.catalina.startup.HostConfig.deployDirectory 웹 애플리케이션 디렉토리 [C:\Users\it\Documents\JavaProgramming_git\jspworkspace\apache-tomcat-9.0.71\webapps\host-manager]에 대한 배치가 [31] 밀리초에 완료되었습니다.
22-Aug-2023 15:10:38.324 INFO [main] org.apache.catalina.startup.HostConfig.deployDirectory 웹 애플리케이션 디렉토리 [C:\Users\it\Documents\JavaProgramming_git\jspworkspace\apache-tomcat-9.0.71\webapps\manager]을(를) 배치합니다.
22-Aug-2023 15:10:38.351 INFO [main] org.apache.catalina.startup.HostConfig.deployDirectory 웹 애플리케이션 디렉토리 [C:\Users\it\Documents\JavaProgramming_git\jspworkspace\apache-tomcat-9.0.71\webapps\manager]에 대한 배치가 [27] 밀리초에 완료되었습니다.
22-Aug-2023 15:10:38.352 INFO [main] org.apache.catalina.startup.HostConfig.deployDirectory 웹 애플리케이션 디렉토리 [C:\Users\it\Documents\JavaProgramming_git\jspworkspace\apache-tomcat-9.0.71\webapps\ROOT]을(를) 배치합니다.
22-Aug-2023 15:10:38.375 INFO [main] org.apache.catalina.startup.HostConfig.deployDirectory 웹 애플리케이션 디렉토리 [C:\Users\it\Documents\JavaProgramming_git\jspworkspace\apache-tomcat-9.0.71\webapps\ROOT]에 대한 배치가 [23] 밀리초에 완료되었습니다.
22-Aug-2023 15:10:38.380 INFO [main] org.apache.coyote.AbstractProtocol.start 프로토콜 핸들러 ["http-nio-8080"]을(를) 시작합니다.
22-Aug-2023 15:10:38.411 INFO [main] org.apache.catalina.startup.Catalina.start 서버가 [683] 밀리초 내에 시작되었습니다.
22-Aug-2023 15:12:05.198 INFO [main] org.apache.catalina.startup.VersionLoggerListener.log 서버 버전 이름:    Apache Tomcat/9.0.71
22-Aug-2023 15:12:05.201 INFO [main] org.apache.catalina.startup.VersionLoggerListener.log Server 빌드 시각:  Jan 9 2023 22:33:01 UTC
22-Aug-2023 15:12:05.201 INFO [main] org.apache.catalina.startup.VersionLoggerListener.log Server 버전 번호:  9.0.71.0
22-Aug-2023 15:12:05.201 INFO [main] org.apache.catalina.startup.VersionLoggerListener.log 운영체제 이름:     Windows 10
22-Aug-2023 15:12:05.202 INFO [main] org.apache.catalina.startup.VersionLoggerListener.log 운영체제 버전:     10.0
22-Aug-2023 15:12:05.202 INFO [main] org.apache.catalina.startup.VersionLoggerListener.log 아키텍처:          amd64
22-Aug-2023 15:12:05.202 INFO [main] org.apache.catalina.startup.VersionLoggerListener.log 자바 홈:           C:\Program Files\Java\jdk-11
22-Aug-2023 15:12:05.202 INFO [main] org.apache.catalina.startup.VersionLoggerListener.log JVM 버전:          11.0.19+9-LTS-224
22-Aug-2023 15:12:05.202 INFO [main] org.apache.catalina.startup.VersionLoggerListener.log JVM 벤더:          Oracle Corporation
22-Aug-2023 15:12:05.203 INFO [main] org.apache.catalina.startup.VersionLoggerListener.log CATALINA_BASE:     C:\Users\it\Documents\JavaProgramming_git\jspworkspace\apache-tomcat-9.0.71
22-Aug-2023 15:12:05.203 INFO [main] org.apache.catalina.startup.VersionLoggerListener.log CATALINA_HOME:     C:\Users\it\Documents\JavaProgramming_git\jspworkspace\apache-tomcat-9.0.71
22-Aug-2023 15:12:05.210 INFO [main] org.apache.catalina.startup.VersionLoggerListener.log 명령 행 아규먼트:  --add-opens=java.base/java.lang=ALL-UNNAMED
22-Aug-2023 15:12:05.210 INFO [main] org.apache.catalina.startup.VersionLoggerListener.log 명령 행 아규먼트:  --add-opens=java.base/java.io=ALL-UNNAMED
22-Aug-2023 15:12:05.211 INFO [main] org.apache.catalina.startup.VersionLoggerListener.log 명령 행 아규먼트:  --add-opens=java.base/java.util=ALL-UNNAMED
22-Aug-2023 15:12:05.212 INFO [main] org.apache.catalina.startup.VersionLoggerListener.log 명령 행 아규먼트:  --add-opens=java.base/java.util.concurrent=ALL-UNNAMED
22-Aug-2023 15:12:05.213 INFO [main] org.apache.catalina.startup.VersionLoggerListener.log 명령 행 아규먼트:  --add-opens=java.rmi/sun.rmi.transport=ALL-UNNAMED
22-Aug-2023 15:12:05.213 INFO [main] org.apache.catalina.startup.VersionLoggerListener.log 명령 행 아규먼트:  -Djava.util.logging.config.file=C:\Users\it\Documents\JavaProgramming_git\jspworkspace\apache-tomcat-9.0.71\conf\logging.properties
22-Aug-2023 15:12:05.214 INFO [main] org.apache.catalina.startup.VersionLoggerListener.log 명령 행 아규먼트:  -Djava.util.logging.manager=org.apache.juli.ClassLoaderLogManager
22-Aug-2023 15:12:05.215 INFO [main] org.apache.catalina.startup.VersionLoggerListener.log 명령 행 아규먼트:  -Djdk.tls.ephemeralDHKeySize=2048
22-Aug-2023 15:12:05.216 INFO [main] org.apache.catalina.startup.VersionLoggerListener.log 명령 행 아규먼트:  -Djava.protocol.handler.pkgs=org.apache.catalina.webresources
22-Aug-2023 15:12:05.216 INFO [main] org.apache.catalina.startup.VersionLoggerListener.log 명령 행 아규먼트:  -Dignore.endorsed.dirs=
22-Aug-2023 15:12:05.217 INFO [main] org.apache.catalina.startup.VersionLoggerListener.log 명령 행 아규먼트:  -Dcatalina.base=C:\Users\it\Documents\JavaProgramming_git\jspworkspace\apache-tomcat-9.0.71
22-Aug-2023 15:12:05.218 INFO [main] org.apache.catalina.startup.VersionLoggerListener.log 명령 행 아규먼트:  -Dcatalina.home=C:\Users\it\Documents\JavaProgramming_git\jspworkspace\apache-tomcat-9.0.71
22-Aug-2023 15:12:05.218 INFO [main] org.apache.catalina.startup.VersionLoggerListener.log 명령 행 아규먼트:  -Djava.io.tmpdir=C:\Users\it\Documents\JavaProgramming_git\jspworkspace\apache-tomcat-9.0.71\temp
22-Aug-2023 15:12:05.227 INFO [main] org.apache.catalina.core.AprLifecycleListener.lifecycleEvent 프로덕션 환경들에서 최적의 성능을 제공하는, APR 기반 Apache Tomcat Native 라이브러리가, 다음 java.library.path에서 발견되지 않습니다: [C:\Program Files\Java\jdk-11\bin;C:\Windows\Sun\Java\bin;C:\Windows\system32;C:\Windows;C:\Program Files\Common Files\Oracle\Java\javapath;C:\oraclexe\app\oracle\product\11.2.0\server\bin;C:\Windows\system32;C:\Windows;C:\Windows\System32\Wbem;C:\Windows\System32\WindowsPowerShell\v1.0\;C:\Windows\System32\OpenSSH\;C:\Program Files\Git\cmd;C:\Program Files\Bandizip\;C:\Program Files\Java\jdk-11\bin;C:\Users\it\AppData\Local\Microsoft\WindowsApps;;C:\Users\it\AppData\Local\Programs\Microsoft VS Code\bin;.]
22-Aug-2023 15:12:05.434 INFO [main] org.apache.coyote.AbstractProtocol.init 프로토콜 핸들러 ["http-nio-8080"]을(를) 초기화합니다.
22-Aug-2023 15:12:05.454 INFO [main] org.apache.catalina.startup.Catalina.load [412] 밀리초 내에 서버가 초기화되었습니다.
22-Aug-2023 15:12:05.501 INFO [main] org.apache.catalina.core.StandardService.startInternal 서비스 [Catalina]을(를) 시작합니다.
22-Aug-2023 15:12:05.504 INFO [main] org.apache.catalina.core.StandardEngine.startInternal 서버 엔진을 시작합니다: [Apache Tomcat/9.0.71]
22-Aug-2023 15:12:05.514 INFO [main] org.apache.catalina.startup.HostConfig.deployDirectory 웹 애플리케이션 디렉토리 [C:\Users\it\Documents\JavaProgramming_git\jspworkspace\apache-tomcat-9.0.71\webapps\docs]을(를) 배치합니다.
22-Aug-2023 15:12:05.751 INFO [main] org.apache.catalina.startup.HostConfig.deployDirectory 웹 애플리케이션 디렉토리 [C:\Users\it\Documents\JavaProgramming_git\jspworkspace\apache-tomcat-9.0.71\webapps\docs]에 대한 배치가 [236] 밀리초에 완료되었습니다.
22-Aug-2023 15:12:05.753 INFO [main] org.apache.catalina.startup.HostConfig.deployDirectory 웹 애플리케이션 디렉토리 [C:\Users\it\Documents\JavaProgramming_git\jspworkspace\apache-tomcat-9.0.71\webapps\examples]을(를) 배치합니다.
22-Aug-2023 15:12:06.031 INFO [main] org.apache.catalina.startup.HostConfig.deployDirectory 웹 애플리케이션 디렉토리 [C:\Users\it\Documents\JavaProgramming_git\jspworkspace\apache-tomcat-9.0.71\webapps\examples]에 대한 배치가 [278] 밀리초에 완료되었습니다.
22-Aug-2023 15:12:06.033 INFO [main] org.apache.catalina.startup.HostConfig.deployDirectory 웹 애플리케이션 디렉토리 [C:\Users\it\Documents\JavaProgramming_git\jspworkspace\apache-tomcat-9.0.71\webapps\host-manager]을(를) 배치합니다.
22-Aug-2023 15:12:06.065 INFO [main] org.apache.catalina.startup.HostConfig.deployDirectory 웹 애플리케이션 디렉토리 [C:\Users\it\Documents\JavaProgramming_git\jspworkspace\apache-tomcat-9.0.71\webapps\host-manager]에 대한 배치가 [32] 밀리초에 완료되었습니다.
22-Aug-2023 15:12:06.067 INFO [main] org.apache.catalina.startup.HostConfig.deployDirectory 웹 애플리케이션 디렉토리 [C:\Users\it\Documents\JavaProgramming_git\jspworkspace\apache-tomcat-9.0.71\webapps\manager]을(를) 배치합니다.
22-Aug-2023 15:12:06.094 INFO [main] org.apache.catalina.startup.HostConfig.deployDirectory 웹 애플리케이션 디렉토리 [C:\Users\it\Documents\JavaProgramming_git\jspworkspace\apache-tomcat-9.0.71\webapps\manager]에 대한 배치가 [27] 밀리초에 완료되었습니다.
22-Aug-2023 15:12:06.095 INFO [main] org.apache.catalina.startup.HostConfig.deployDirectory 웹 애플리케이션 디렉토리 [C:\Users\it\Documents\JavaProgramming_git\jspworkspace\apache-tomcat-9.0.71\webapps\ROOT]을(를) 배치합니다.
22-Aug-2023 15:12:06.116 INFO [main] org.apache.catalina.startup.HostConfig.deployDirectory 웹 애플리케이션 디렉토리 [C:\Users\it\Documents\JavaProgramming_git\jspworkspace\apache-tomcat-9.0.71\webapps\ROOT]에 대한 배치가 [21] 밀리초에 완료되었습니다.
22-Aug-2023 15:12:06.119 INFO [main] org.apache.coyote.AbstractProtocol.start 프로토콜 핸들러 ["http-nio-8080"]을(를) 시작합니다.
22-Aug-2023 15:12:06.150 INFO [main] org.apache.catalina.startup.Catalina.start 서버가 [695] 밀리초 내에 시작되었습니다.
22-Aug-2023 15:28:13.681 SEVERE [main] org.apache.catalina.startup.Catalina.stopServer [localhost:8005] (base 포트 [8005] 그리고 offset [0])와(과) 연결할 수 없었습니다. Tomcat이 실행 중이지 않을 수 있습니다.
22-Aug-2023 15:28:27.609 INFO [main] org.apache.catalina.startup.VersionLoggerListener.log 서버 버전 이름:    Apache Tomcat/9.0.71
22-Aug-2023 15:28:27.612 INFO [main] org.apache.catalina.startup.VersionLoggerListener.log Server 빌드 시각:  Jan 9 2023 22:33:01 UTC
22-Aug-2023 15:28:27.612 INFO [main] org.apache.catalina.startup.VersionLoggerListener.log Server 버전 번호:  9.0.71.0
22-Aug-2023 15:28:27.612 INFO [main] org.apache.catalina.startup.VersionLoggerListener.log 운영체제 이름:     Windows 10
22-Aug-2023 15:28:27.612 INFO [main] org.apache.catalina.startup.VersionLoggerListener.log 운영체제 버전:     10.0
22-Aug-2023 15:28:27.613 INFO [main] org.apache.catalina.startup.VersionLoggerListener.log 아키텍처:          amd64
22-Aug-2023 15:28:27.613 INFO [main] org.apache.catalina.startup.VersionLoggerListener.log 자바 홈:           C:\Program Files\Java\jdk-11
22-Aug-2023 15:28:27.613 INFO [main] org.apache.catalina.startup.VersionLoggerListener.log JVM 버전:          11.0.19+9-LTS-224
22-Aug-2023 15:28:27.613 INFO [main] org.apache.catalina.startup.VersionLoggerListener.log JVM 벤더:          Oracle Corporation
22-Aug-2023 15:28:27.613 INFO [main] org.apache.catalina.startup.VersionLoggerListener.log CATALINA_BASE:     C:\Users\it\Documents\JavaProgramming_git\jspworkspace\apache-tomcat-9.0.71
22-Aug-2023 15:28:27.614 INFO [main] org.apache.catalina.startup.VersionLoggerListener.log CATALINA_HOME:     C:\Users\it\Documents\JavaProgramming_git\jspworkspace\apache-tomcat-9.0.71
22-Aug-2023 15:28:27.620 INFO [main] org.apache.catalina.startup.VersionLoggerListener.log 명령 행 아규먼트:  --add-opens=java.base/java.lang=ALL-UNNAMED
22-Aug-2023 15:28:27.620 INFO [main] org.apache.catalina.startup.VersionLoggerListener.log 명령 행 아규먼트:  --add-opens=java.base/java.io=ALL-UNNAMED
22-Aug-2023 15:28:27.621 INFO [main] org.apache.catalina.startup.VersionLoggerListener.log 명령 행 아규먼트:  --add-opens=java.base/java.util=ALL-UNNAMED
22-Aug-2023 15:28:27.622 INFO [main] org.apache.catalina.startup.VersionLoggerListener.log 명령 행 아규먼트:  --add-opens=java.base/java.util.concurrent=ALL-UNNAMED
22-Aug-2023 15:28:27.622 INFO [main] org.apache.catalina.startup.VersionLoggerListener.log 명령 행 아규먼트:  --add-opens=java.rmi/sun.rmi.transport=ALL-UNNAMED
22-Aug-2023 15:28:27.623 INFO [main] org.apache.catalina.startup.VersionLoggerListener.log 명령 행 아규먼트:  -Djava.util.logging.config.file=C:\Users\it\Documents\JavaProgramming_git\jspworkspace\apache-tomcat-9.0.71\conf\logging.properties
22-Aug-2023 15:28:27.624 INFO [main] org.apache.catalina.startup.VersionLoggerListener.log 명령 행 아규먼트:  -Djava.util.logging.manager=org.apache.juli.ClassLoaderLogManager
22-Aug-2023 15:28:27.625 INFO [main] org.apache.catalina.startup.VersionLoggerListener.log 명령 행 아규먼트:  -Djdk.tls.ephemeralDHKeySize=2048
22-Aug-2023 15:28:27.625 INFO [main] org.apache.catalina.startup.VersionLoggerListener.log 명령 행 아규먼트:  -Djava.protocol.handler.pkgs=org.apache.catalina.webresources
22-Aug-2023 15:28:27.626 INFO [main] org.apache.catalina.startup.VersionLoggerListener.log 명령 행 아규먼트:  -Dignore.endorsed.dirs=
22-Aug-2023 15:28:27.627 INFO [main] org.apache.catalina.startup.VersionLoggerListener.log 명령 행 아규먼트:  -Dcatalina.base=C:\Users\it\Documents\JavaProgramming_git\jspworkspace\apache-tomcat-9.0.71
22-Aug-2023 15:28:27.627 INFO [main] org.apache.catalina.startup.VersionLoggerListener.log 명령 행 아규먼트:  -Dcatalina.home=C:\Users\it\Documents\JavaProgramming_git\jspworkspace\apache-tomcat-9.0.71
22-Aug-2023 15:28:27.628 INFO [main] org.apache.catalina.startup.VersionLoggerListener.log 명령 행 아규먼트:  -Djava.io.tmpdir=C:\Users\it\Documents\JavaProgramming_git\jspworkspace\apache-tomcat-9.0.71\temp
22-Aug-2023 15:28:27.635 INFO [main] org.apache.catalina.core.AprLifecycleListener.lifecycleEvent 프로덕션 환경들에서 최적의 성능을 제공하는, APR 기반 Apache Tomcat Native 라이브러리가, 다음 java.library.path에서 발견되지 않습니다: [C:\Program Files\Java\jdk-11\bin;C:\Windows\Sun\Java\bin;C:\Windows\system32;C:\Windows;C:\Program Files\Common Files\Oracle\Java\javapath;C:\oraclexe\app\oracle\product\11.2.0\server\bin;C:\Windows\system32;C:\Windows;C:\Windows\System32\Wbem;C:\Windows\System32\WindowsPowerShell\v1.0\;C:\Windows\System32\OpenSSH\;C:\Program Files\Git\cmd;C:\Program Files\Bandizip\;C:\Program Files\Java\jdk-11\bin;C:\Users\it\AppData\Local\Microsoft\WindowsApps;;C:\Users\it\AppData\Local\Programs\Microsoft VS Code\bin;.]
22-Aug-2023 15:28:27.841 INFO [main] org.apache.coyote.AbstractProtocol.init 프로토콜 핸들러 ["http-nio-8080"]을(를) 초기화합니다.
22-Aug-2023 15:28:27.860 INFO [main] org.apache.catalina.startup.Catalina.load [406] 밀리초 내에 서버가 초기화되었습니다.
22-Aug-2023 15:28:27.903 INFO [main] org.apache.catalina.core.StandardService.startInternal 서비스 [Catalina]을(를) 시작합니다.
22-Aug-2023 15:28:27.905 INFO [main] org.apache.catalina.core.StandardEngine.startInternal 서버 엔진을 시작합니다: [Apache Tomcat/9.0.71]
22-Aug-2023 15:28:27.914 INFO [main] org.apache.catalina.startup.HostConfig.deployDirectory 웹 애플리케이션 디렉토리 [C:\Users\it\Documents\JavaProgramming_git\jspworkspace\apache-tomcat-9.0.71\webapps\docs]을(를) 배치합니다.
22-Aug-2023 15:28:28.156 INFO [main] org.apache.catalina.startup.HostConfig.deployDirectory 웹 애플리케이션 디렉토리 [C:\Users\it\Documents\JavaProgramming_git\jspworkspace\apache-tomcat-9.0.71\webapps\docs]에 대한 배치가 [240] 밀리초에 완료되었습니다.
22-Aug-2023 15:28:28.158 INFO [main] org.apache.catalina.startup.HostConfig.deployDirectory 웹 애플리케이션 디렉토리 [C:\Users\it\Documents\JavaProgramming_git\jspworkspace\apache-tomcat-9.0.71\webapps\examples]을(를) 배치합니다.
22-Aug-2023 15:28:28.435 INFO [main] org.apache.catalina.startup.HostConfig.deployDirectory 웹 애플리케이션 디렉토리 [C:\Users\it\Documents\JavaProgramming_git\jspworkspace\apache-tomcat-9.0.71\webapps\examples]에 대한 배치가 [277] 밀리초에 완료되었습니다.
22-Aug-2023 15:28:28.436 INFO [main] org.apache.catalina.startup.HostConfig.deployDirectory 웹 애플리케이션 디렉토리 [C:\Users\it\Documents\JavaProgramming_git\jspworkspace\apache-tomcat-9.0.71\webapps\host-manager]을(를) 배치합니다.
22-Aug-2023 15:28:28.467 INFO [main] org.apache.catalina.startup.HostConfig.deployDirectory 웹 애플리케이션 디렉토리 [C:\Users\it\Documents\JavaProgramming_git\jspworkspace\apache-tomcat-9.0.71\webapps\host-manager]에 대한 배치가 [31] 밀리초에 완료되었습니다.
22-Aug-2023 15:28:28.469 INFO [main] org.apache.catalina.startup.HostConfig.deployDirectory 웹 애플리케이션 디렉토리 [C:\Users\it\Documents\JavaProgramming_git\jspworkspace\apache-tomcat-9.0.71\webapps\manager]을(를) 배치합니다.
22-Aug-2023 15:28:28.494 INFO [main] org.apache.catalina.startup.HostConfig.deployDirectory 웹 애플리케이션 디렉토리 [C:\Users\it\Documents\JavaProgramming_git\jspworkspace\apache-tomcat-9.0.71\webapps\manager]에 대한 배치가 [25] 밀리초에 완료되었습니다.
22-Aug-2023 15:28:28.495 INFO [main] org.apache.catalina.startup.HostConfig.deployDirectory 웹 애플리케이션 디렉토리 [C:\Users\it\Documents\JavaProgramming_git\jspworkspace\apache-tomcat-9.0.71\webapps\ROOT]을(를) 배치합니다.
22-Aug-2023 15:28:28.520 INFO [main] org.apache.catalina.startup.HostConfig.deployDirectory 웹 애플리케이션 디렉토리 [C:\Users\it\Documents\JavaProgramming_git\jspworkspace\apache-tomcat-9.0.71\webapps\ROOT]에 대한 배치가 [25] 밀리초에 완료되었습니다.
22-Aug-2023 15:28:28.524 INFO [main] org.apache.coyote.AbstractProtocol.start 프로토콜 핸들러 ["http-nio-8080"]을(를) 시작합니다.
22-Aug-2023 15:28:28.555 INFO [main] org.apache.catalina.startup.Catalina.start 서버가 [694] 밀리초 내에 시작되었습니다.
