23-Aug-2023 22:12:35.156 INFO [main] org.apache.catalina.startup.VersionLoggerListener.log 서버 버전 이름:    Apache Tomcat/9.0.71
23-Aug-2023 22:12:35.172 INFO [main] org.apache.catalina.startup.VersionLoggerListener.log Server 빌드 시각:  Jan 9 2023 22:33:01 UTC
23-Aug-2023 22:12:35.174 INFO [main] org.apache.catalina.startup.VersionLoggerListener.log Server 버전 번호:  9.0.71.0
23-Aug-2023 22:12:35.175 INFO [main] org.apache.catalina.startup.VersionLoggerListener.log 운영체제 이름:     Windows 10
23-Aug-2023 22:12:35.176 INFO [main] org.apache.catalina.startup.VersionLoggerListener.log 운영체제 버전:     10.0
23-Aug-2023 22:12:35.179 INFO [main] org.apache.catalina.startup.VersionLoggerListener.log 아키텍처:          amd64
23-Aug-2023 22:12:35.180 INFO [main] org.apache.catalina.startup.VersionLoggerListener.log 자바 홈:           C:\Program Files\Java\jdk-17
23-Aug-2023 22:12:35.182 INFO [main] org.apache.catalina.startup.VersionLoggerListener.log JVM 버전:          17.0.8+9-LTS-211
23-Aug-2023 22:12:35.183 INFO [main] org.apache.catalina.startup.VersionLoggerListener.log JVM 벤더:          Oracle Corporation
23-Aug-2023 22:12:35.184 INFO [main] org.apache.catalina.startup.VersionLoggerListener.log CATALINA_BASE:     C:\Users\user\Desktop\Hyeonseok\1.IT 개발 관련 내용\JavaProgramming, JSP\jspworkspace\apache-tomcat-9.0.71
23-Aug-2023 22:12:35.186 INFO [main] org.apache.catalina.startup.VersionLoggerListener.log CATALINA_HOME:     C:\Users\user\Desktop\Hyeonseok\1.IT 개발 관련 내용\JavaProgramming, JSP\jspworkspace\apache-tomcat-9.0.71
23-Aug-2023 22:12:35.208 INFO [main] org.apache.catalina.startup.VersionLoggerListener.log 명령 행 아규먼트:  --add-opens=java.base/java.lang=ALL-UNNAMED
23-Aug-2023 22:12:35.222 INFO [main] org.apache.catalina.startup.VersionLoggerListener.log 명령 행 아규먼트:  --add-opens=java.base/java.io=ALL-UNNAMED
23-Aug-2023 22:12:35.226 INFO [main] org.apache.catalina.startup.VersionLoggerListener.log 명령 행 아규먼트:  --add-opens=java.base/java.util=ALL-UNNAMED
23-Aug-2023 22:12:35.228 INFO [main] org.apache.catalina.startup.VersionLoggerListener.log 명령 행 아규먼트:  --add-opens=java.base/java.util.concurrent=ALL-UNNAMED
23-Aug-2023 22:12:35.231 INFO [main] org.apache.catalina.startup.VersionLoggerListener.log 명령 행 아규먼트:  --add-opens=java.rmi/sun.rmi.transport=ALL-UNNAMED
23-Aug-2023 22:12:35.234 INFO [main] org.apache.catalina.startup.VersionLoggerListener.log 명령 행 아규먼트:  -Djava.util.logging.config.file=C:\Users\user\Desktop\Hyeonseok\1.IT 개발 관련 내용\JavaProgramming, JSP\jspworkspace\apache-tomcat-9.0.71\conf\logging.properties
23-Aug-2023 22:12:35.236 INFO [main] org.apache.catalina.startup.VersionLoggerListener.log 명령 행 아규먼트:  -Djava.util.logging.manager=org.apache.juli.ClassLoaderLogManager
23-Aug-2023 22:12:35.239 INFO [main] org.apache.catalina.startup.VersionLoggerListener.log 명령 행 아규먼트:  -Djdk.tls.ephemeralDHKeySize=2048
23-Aug-2023 22:12:35.247 INFO [main] org.apache.catalina.startup.VersionLoggerListener.log 명령 행 아규먼트:  -Djava.protocol.handler.pkgs=org.apache.catalina.webresources
23-Aug-2023 22:12:35.252 INFO [main] org.apache.catalina.startup.VersionLoggerListener.log 명령 행 아규먼트:  -Dignore.endorsed.dirs=
23-Aug-2023 22:12:35.256 INFO [main] org.apache.catalina.startup.VersionLoggerListener.log 명령 행 아규먼트:  -Dcatalina.base=C:\Users\user\Desktop\Hyeonseok\1.IT 개발 관련 내용\JavaProgramming, JSP\jspworkspace\apache-tomcat-9.0.71
23-Aug-2023 22:12:35.260 INFO [main] org.apache.catalina.startup.VersionLoggerListener.log 명령 행 아규먼트:  -Dcatalina.home=C:\Users\user\Desktop\Hyeonseok\1.IT 개발 관련 내용\JavaProgramming, JSP\jspworkspace\apache-tomcat-9.0.71
23-Aug-2023 22:12:35.263 INFO [main] org.apache.catalina.startup.VersionLoggerListener.log 명령 행 아규먼트:  -Djava.io.tmpdir=C:\Users\user\Desktop\Hyeonseok\1.IT 개발 관련 내용\JavaProgramming, JSP\jspworkspace\apache-tomcat-9.0.71\temp
23-Aug-2023 22:12:35.305 INFO [main] org.apache.catalina.core.AprLifecycleListener.lifecycleEvent 프로덕션 환경들에서 최적의 성능을 제공하는, APR 기반 Apache Tomcat Native 라이브러리가, 다음 java.library.path에서 발견되지 않습니다: [C:\Program Files\Java\jdk-17\bin;C:\WINDOWS\Sun\Java\bin;C:\WINDOWS\system32;C:\WINDOWS;C:\Program Files\Common Files\Oracle\Java\javapath;C:\oraclexe\app\oracle\product\11.2.0\server\bin;C:\WINDOWS\system32;C:\WINDOWS;C:\WINDOWS\System32\Wbem;C:\WINDOWS\System32\WindowsPowerShell\v1.0\;C:\WINDOWS\System32\OpenSSH\;C:\Program Files\Intel\WiFi\bin\;C:\Program Files\Common Files\Intel\WirelessCommon\;C:\Program Files\Git\cmd;C:\Program Files\Bandizip\;C:\Program Files\Java\jdk-20\bin;C:\Program Files\Java\jdk-17\bin;C:\Users\user\AppData\Local\Microsoft\WindowsApps;C:\Program Files\Intel\WiFi\bin\;C:\Program Files\Common Files\Intel\WirelessCommon\;;C:\Users\user\AppData\Local\afreeca;C:\intelFPGA_pro\21.1\modelsim_ase\win32aloem;C:\Users\user\AppData\Local\Programs\Microsoft VS Code\bin;.]
23-Aug-2023 22:12:36.027 INFO [main] org.apache.coyote.AbstractProtocol.init 프로토콜 핸들러 ["http-nio-8080"]을(를) 초기화합니다.
23-Aug-2023 22:12:36.088 SEVERE [main] org.apache.catalina.util.LifecycleBase.handleSubClassException 구성요소 [Connector[HTTP/1.1-8080]]을(를) 초기화하지 못했습니다.
	org.apache.catalina.LifecycleException: 프로토콜 핸들러 초기화가 실패했습니다.
		at org.apache.catalina.connector.Connector.initInternal(Connector.java:1050)
		at org.apache.catalina.util.LifecycleBase.init(LifecycleBase.java:136)
		at org.apache.catalina.core.StandardService.initInternal(StandardService.java:554)
		at org.apache.catalina.util.LifecycleBase.init(LifecycleBase.java:136)
		at org.apache.catalina.core.StandardServer.initInternal(StandardServer.java:1045)
		at org.apache.catalina.util.LifecycleBase.init(LifecycleBase.java:136)
		at org.apache.catalina.startup.Catalina.load(Catalina.java:724)
		at org.apache.catalina.startup.Catalina.load(Catalina.java:746)
		at java.base/jdk.internal.reflect.NativeMethodAccessorImpl.invoke0(Native Method)
		at java.base/jdk.internal.reflect.NativeMethodAccessorImpl.invoke(NativeMethodAccessorImpl.java:77)
		at java.base/jdk.internal.reflect.DelegatingMethodAccessorImpl.invoke(DelegatingMethodAccessorImpl.java:43)
		at java.base/java.lang.reflect.Method.invoke(Method.java:568)
		at org.apache.catalina.startup.Bootstrap.load(Bootstrap.java:307)
		at org.apache.catalina.startup.Bootstrap.main(Bootstrap.java:477)
	Caused by: java.net.BindException: Address already in use: bind
		at java.base/sun.nio.ch.Net.bind0(Native Method)
		at java.base/sun.nio.ch.Net.bind(Net.java:555)
		at java.base/sun.nio.ch.ServerSocketChannelImpl.netBind(ServerSocketChannelImpl.java:337)
		at java.base/sun.nio.ch.ServerSocketChannelImpl.bind(ServerSocketChannelImpl.java:294)
		at org.apache.tomcat.util.net.NioEndpoint.initServerSocket(NioEndpoint.java:275)
		at org.apache.tomcat.util.net.NioEndpoint.bind(NioEndpoint.java:230)
		at org.apache.tomcat.util.net.AbstractEndpoint.bindWithCleanup(AbstractEndpoint.java:1227)
		at org.apache.tomcat.util.net.AbstractEndpoint.init(AbstractEndpoint.java:1240)
		at org.apache.coyote.AbstractProtocol.init(AbstractProtocol.java:604)
		at org.apache.coyote.http11.AbstractHttp11Protocol.init(AbstractHttp11Protocol.java:76)
		at org.apache.catalina.connector.Connector.initInternal(Connector.java:1047)
		... 13 more
23-Aug-2023 22:12:36.109 INFO [main] org.apache.catalina.startup.Catalina.load [1609] 밀리초 내에 서버가 초기화되었습니다.
23-Aug-2023 22:12:36.277 INFO [main] org.apache.catalina.core.StandardService.startInternal 서비스 [Catalina]을(를) 시작합니다.
23-Aug-2023 22:12:36.285 INFO [main] org.apache.catalina.core.StandardEngine.startInternal 서버 엔진을 시작합니다: [Apache Tomcat/9.0.71]
23-Aug-2023 22:12:36.320 INFO [main] org.apache.catalina.startup.HostConfig.deployDirectory 웹 애플리케이션 디렉토리 [C:\Users\user\Desktop\Hyeonseok\1.IT 개발 관련 내용\JavaProgramming, JSP\jspworkspace\apache-tomcat-9.0.71\webapps\docs]을(를) 배치합니다.
23-Aug-2023 22:12:37.382 WARNING [main] org.apache.catalina.util.SessionIdGeneratorBase.createSecureRandom [SHA1PRNG] 알고리즘을 사용하여, 세션 ID를 생성하기 위한 SecureRandom 객체를 생성하는데, [184] 밀리초가 소요됐습니다.
23-Aug-2023 22:12:37.488 INFO [main] org.apache.catalina.startup.HostConfig.deployDirectory 웹 애플리케이션 디렉토리 [C:\Users\user\Desktop\Hyeonseok\1.IT 개발 관련 내용\JavaProgramming, JSP\jspworkspace\apache-tomcat-9.0.71\webapps\docs]에 대한 배치가 [1,168] 밀리초에 완료되었습니다.
23-Aug-2023 22:12:37.497 INFO [main] org.apache.catalina.startup.HostConfig.deployDirectory 웹 애플리케이션 디렉토리 [C:\Users\user\Desktop\Hyeonseok\1.IT 개발 관련 내용\JavaProgramming, JSP\jspworkspace\apache-tomcat-9.0.71\webapps\examples]을(를) 배치합니다.
23-Aug-2023 22:12:39.728 INFO [main] org.apache.catalina.startup.HostConfig.deployDirectory 웹 애플리케이션 디렉토리 [C:\Users\user\Desktop\Hyeonseok\1.IT 개발 관련 내용\JavaProgramming, JSP\jspworkspace\apache-tomcat-9.0.71\webapps\examples]에 대한 배치가 [2,231] 밀리초에 완료되었습니다.
23-Aug-2023 22:15:36.711 INFO [main] org.apache.catalina.startup.VersionLoggerListener.log 서버 버전 이름:    Apache Tomcat/9.0.71
23-Aug-2023 22:15:36.728 INFO [main] org.apache.catalina.startup.VersionLoggerListener.log Server 빌드 시각:  Jan 9 2023 22:33:01 UTC
23-Aug-2023 22:15:36.732 INFO [main] org.apache.catalina.startup.VersionLoggerListener.log Server 버전 번호:  9.0.71.0
23-Aug-2023 22:15:36.733 INFO [main] org.apache.catalina.startup.VersionLoggerListener.log 운영체제 이름:     Windows 10
23-Aug-2023 22:15:36.734 INFO [main] org.apache.catalina.startup.VersionLoggerListener.log 운영체제 버전:     10.0
23-Aug-2023 22:15:36.735 INFO [main] org.apache.catalina.startup.VersionLoggerListener.log 아키텍처:          amd64
23-Aug-2023 22:15:36.737 INFO [main] org.apache.catalina.startup.VersionLoggerListener.log 자바 홈:           C:\Program Files\Java\jdk-17
23-Aug-2023 22:15:36.738 INFO [main] org.apache.catalina.startup.VersionLoggerListener.log JVM 버전:          17.0.8+9-LTS-211
23-Aug-2023 22:15:36.738 INFO [main] org.apache.catalina.startup.VersionLoggerListener.log JVM 벤더:          Oracle Corporation
23-Aug-2023 22:15:36.739 INFO [main] org.apache.catalina.startup.VersionLoggerListener.log CATALINA_BASE:     C:\Users\user\Desktop\Hyeonseok\1.IT 개발 관련 내용\JavaProgramming, JSP\jspworkspace\apache-tomcat-9.0.71
23-Aug-2023 22:15:36.754 INFO [main] org.apache.catalina.startup.VersionLoggerListener.log CATALINA_HOME:     C:\Users\user\Desktop\Hyeonseok\1.IT 개발 관련 내용\JavaProgramming, JSP\jspworkspace\apache-tomcat-9.0.71
23-Aug-2023 22:15:36.769 INFO [main] org.apache.catalina.startup.VersionLoggerListener.log 명령 행 아규먼트:  --add-opens=java.base/java.lang=ALL-UNNAMED
23-Aug-2023 22:15:36.773 INFO [main] org.apache.catalina.startup.VersionLoggerListener.log 명령 행 아규먼트:  --add-opens=java.base/java.io=ALL-UNNAMED
23-Aug-2023 22:15:36.778 INFO [main] org.apache.catalina.startup.VersionLoggerListener.log 명령 행 아규먼트:  --add-opens=java.base/java.util=ALL-UNNAMED
23-Aug-2023 22:15:36.782 INFO [main] org.apache.catalina.startup.VersionLoggerListener.log 명령 행 아규먼트:  --add-opens=java.base/java.util.concurrent=ALL-UNNAMED
23-Aug-2023 22:15:36.785 INFO [main] org.apache.catalina.startup.VersionLoggerListener.log 명령 행 아규먼트:  --add-opens=java.rmi/sun.rmi.transport=ALL-UNNAMED
23-Aug-2023 22:15:36.787 INFO [main] org.apache.catalina.startup.VersionLoggerListener.log 명령 행 아규먼트:  -Djava.util.logging.config.file=C:\Users\user\Desktop\Hyeonseok\1.IT 개발 관련 내용\JavaProgramming, JSP\jspworkspace\apache-tomcat-9.0.71\conf\logging.properties
23-Aug-2023 22:15:36.795 INFO [main] org.apache.catalina.startup.VersionLoggerListener.log 명령 행 아규먼트:  -Djava.util.logging.manager=org.apache.juli.ClassLoaderLogManager
23-Aug-2023 22:15:36.798 INFO [main] org.apache.catalina.startup.VersionLoggerListener.log 명령 행 아규먼트:  -Djdk.tls.ephemeralDHKeySize=2048
23-Aug-2023 22:15:36.801 INFO [main] org.apache.catalina.startup.VersionLoggerListener.log 명령 행 아규먼트:  -Djava.protocol.handler.pkgs=org.apache.catalina.webresources
23-Aug-2023 22:15:36.804 INFO [main] org.apache.catalina.startup.VersionLoggerListener.log 명령 행 아규먼트:  -Dignore.endorsed.dirs=
23-Aug-2023 22:15:36.807 INFO [main] org.apache.catalina.startup.VersionLoggerListener.log 명령 행 아규먼트:  -Dcatalina.base=C:\Users\user\Desktop\Hyeonseok\1.IT 개발 관련 내용\JavaProgramming, JSP\jspworkspace\apache-tomcat-9.0.71
23-Aug-2023 22:15:36.813 INFO [main] org.apache.catalina.startup.VersionLoggerListener.log 명령 행 아규먼트:  -Dcatalina.home=C:\Users\user\Desktop\Hyeonseok\1.IT 개발 관련 내용\JavaProgramming, JSP\jspworkspace\apache-tomcat-9.0.71
23-Aug-2023 22:15:36.815 INFO [main] org.apache.catalina.startup.VersionLoggerListener.log 명령 행 아규먼트:  -Djava.io.tmpdir=C:\Users\user\Desktop\Hyeonseok\1.IT 개발 관련 내용\JavaProgramming, JSP\jspworkspace\apache-tomcat-9.0.71\temp
23-Aug-2023 22:15:36.862 INFO [main] org.apache.catalina.core.AprLifecycleListener.lifecycleEvent 프로덕션 환경들에서 최적의 성능을 제공하는, APR 기반 Apache Tomcat Native 라이브러리가, 다음 java.library.path에서 발견되지 않습니다: [C:\Program Files\Java\jdk-17\bin;C:\WINDOWS\Sun\Java\bin;C:\WINDOWS\system32;C:\WINDOWS;C:\Program Files\Common Files\Oracle\Java\javapath;C:\oraclexe\app\oracle\product\11.2.0\server\bin;C:\WINDOWS\system32;C:\WINDOWS;C:\WINDOWS\System32\Wbem;C:\WINDOWS\System32\WindowsPowerShell\v1.0\;C:\WINDOWS\System32\OpenSSH\;C:\Program Files\Intel\WiFi\bin\;C:\Program Files\Common Files\Intel\WirelessCommon\;C:\Program Files\Git\cmd;C:\Program Files\Bandizip\;C:\Program Files\Java\jdk-20\bin;C:\Program Files\Java\jdk-17\bin;C:\Users\user\AppData\Local\Microsoft\WindowsApps;C:\Program Files\Intel\WiFi\bin\;C:\Program Files\Common Files\Intel\WirelessCommon\;;C:\Users\user\AppData\Local\afreeca;C:\intelFPGA_pro\21.1\modelsim_ase\win32aloem;C:\Users\user\AppData\Local\Programs\Microsoft VS Code\bin;.]
23-Aug-2023 22:15:37.672 INFO [main] org.apache.coyote.AbstractProtocol.init 프로토콜 핸들러 ["http-nio-8080"]을(를) 초기화합니다.
23-Aug-2023 22:15:37.772 INFO [main] org.apache.catalina.startup.Catalina.load [1711] 밀리초 내에 서버가 초기화되었습니다.
23-Aug-2023 22:15:37.947 INFO [main] org.apache.catalina.core.StandardService.startInternal 서비스 [Catalina]을(를) 시작합니다.
23-Aug-2023 22:15:37.953 INFO [main] org.apache.catalina.core.StandardEngine.startInternal 서버 엔진을 시작합니다: [Apache Tomcat/9.0.71]
23-Aug-2023 22:15:37.988 INFO [main] org.apache.catalina.startup.HostConfig.deployDirectory 웹 애플리케이션 디렉토리 [C:\Users\user\Desktop\Hyeonseok\1.IT 개발 관련 내용\JavaProgramming, JSP\jspworkspace\apache-tomcat-9.0.71\webapps\docs]을(를) 배치합니다.
23-Aug-2023 22:15:39.622 WARNING [main] org.apache.catalina.util.SessionIdGeneratorBase.createSecureRandom [SHA1PRNG] 알고리즘을 사용하여, 세션 ID를 생성하기 위한 SecureRandom 객체를 생성하는데, [161] 밀리초가 소요됐습니다.
23-Aug-2023 22:15:39.729 INFO [main] org.apache.catalina.startup.HostConfig.deployDirectory 웹 애플리케이션 디렉토리 [C:\Users\user\Desktop\Hyeonseok\1.IT 개발 관련 내용\JavaProgramming, JSP\jspworkspace\apache-tomcat-9.0.71\webapps\docs]에 대한 배치가 [1,740] 밀리초에 완료되었습니다.
23-Aug-2023 22:15:39.738 INFO [main] org.apache.catalina.startup.HostConfig.deployDirectory 웹 애플리케이션 디렉토리 [C:\Users\user\Desktop\Hyeonseok\1.IT 개발 관련 내용\JavaProgramming, JSP\jspworkspace\apache-tomcat-9.0.71\webapps\examples]을(를) 배치합니다.
23-Aug-2023 22:15:42.385 INFO [main] org.apache.catalina.startup.HostConfig.deployDirectory 웹 애플리케이션 디렉토리 [C:\Users\user\Desktop\Hyeonseok\1.IT 개발 관련 내용\JavaProgramming, JSP\jspworkspace\apache-tomcat-9.0.71\webapps\examples]에 대한 배치가 [2,648] 밀리초에 완료되었습니다.
23-Aug-2023 22:15:42.398 INFO [main] org.apache.catalina.startup.HostConfig.deployDirectory 웹 애플리케이션 디렉토리 [C:\Users\user\Desktop\Hyeonseok\1.IT 개발 관련 내용\JavaProgramming, JSP\jspworkspace\apache-tomcat-9.0.71\webapps\host-manager]을(를) 배치합니다.
23-Aug-2023 22:15:42.647 INFO [main] org.apache.catalina.startup.HostConfig.deployDirectory 웹 애플리케이션 디렉토리 [C:\Users\user\Desktop\Hyeonseok\1.IT 개발 관련 내용\JavaProgramming, JSP\jspworkspace\apache-tomcat-9.0.71\webapps\host-manager]에 대한 배치가 [249] 밀리초에 완료되었습니다.
23-Aug-2023 22:15:42.656 INFO [main] org.apache.catalina.startup.HostConfig.deployDirectory 웹 애플리케이션 디렉토리 [C:\Users\user\Desktop\Hyeonseok\1.IT 개발 관련 내용\JavaProgramming, JSP\jspworkspace\apache-tomcat-9.0.71\webapps\manager]을(를) 배치합니다.
23-Aug-2023 22:15:42.940 INFO [main] org.apache.catalina.startup.HostConfig.deployDirectory 웹 애플리케이션 디렉토리 [C:\Users\user\Desktop\Hyeonseok\1.IT 개발 관련 내용\JavaProgramming, JSP\jspworkspace\apache-tomcat-9.0.71\webapps\manager]에 대한 배치가 [285] 밀리초에 완료되었습니다.
23-Aug-2023 22:15:42.949 INFO [main] org.apache.catalina.startup.HostConfig.deployDirectory 웹 애플리케이션 디렉토리 [C:\Users\user\Desktop\Hyeonseok\1.IT 개발 관련 내용\JavaProgramming, JSP\jspworkspace\apache-tomcat-9.0.71\webapps\ROOT]을(를) 배치합니다.
23-Aug-2023 22:15:43.105 INFO [main] org.apache.catalina.startup.HostConfig.deployDirectory 웹 애플리케이션 디렉토리 [C:\Users\user\Desktop\Hyeonseok\1.IT 개발 관련 내용\JavaProgramming, JSP\jspworkspace\apache-tomcat-9.0.71\webapps\ROOT]에 대한 배치가 [155] 밀리초에 완료되었습니다.
23-Aug-2023 22:15:43.152 INFO [main] org.apache.coyote.AbstractProtocol.start 프로토콜 핸들러 ["http-nio-8080"]을(를) 시작합니다.
23-Aug-2023 22:15:43.432 INFO [main] org.apache.catalina.startup.Catalina.start 서버가 [5651] 밀리초 내에 시작되었습니다.
